<?xml version="1.0" encoding="UTF-8"?>
<coverage generated="1629751800402" clover="3.2.0">
  <project timestamp="1629751800403" name="All files">
    <metrics statements="16" coveredstatements="16" conditionals="4" coveredconditionals="4" methods="2" coveredmethods="2" elements="22" coveredelements="22" complexity="0" loc="16" ncloc="16" packages="1" files="1" classes="1"/>
    <file name="db-signup.ts" path="/home/lucas-araujo/Área de Trabalho/job/src/modules/user/use-cases/db-signup.ts">
      <metrics statements="16" coveredstatements="16" conditionals="4" coveredconditionals="4" methods="2" coveredmethods="2"/>
      <line num="12" count="1" type="stmt"/>
      <line num="14" count="5" type="stmt"/>
      <line num="15" count="5" type="stmt"/>
      <line num="16" count="5" type="stmt"/>
      <line num="17" count="5" type="stmt"/>
      <line num="18" count="5" type="stmt"/>
      <line num="22" count="5" type="stmt"/>
      <line num="26" count="5" type="cond" truecount="2" falsecount="0"/>
      <line num="27" count="1" type="stmt"/>
      <line num="30" count="4" type="stmt"/>
      <line num="34" count="4" type="cond" truecount="2" falsecount="0"/>
      <line num="35" count="1" type="stmt"/>
      <line num="38" count="3" type="stmt"/>
      <line num="40" count="3" type="stmt"/>
      <line num="45" count="3" type="stmt"/>
      <line num="50" count="3" type="stmt"/>
    </file>
  </project>
</coverage>
