{"/home/lucas-araujo/Área de Trabalho/job/src/modules/user/use-cases/db-signup.ts": {"path":"/home/lucas-araujo/Área de Trabalho/job/src/modules/user/use-cases/db-signup.ts","statementMap":{"0":{"start":{"line":14,"column":21},"end":{"line":14,"column":66}},"1":{"start":{"line":15,"column":21},"end":{"line":15,"column":68}},"2":{"start":{"line":16,"column":21},"end":{"line":16,"column":46}},"3":{"start":{"line":17,"column":21},"end":{"line":17,"column":64}},"4":{"start":{"line":18,"column":21},"end":{"line":18,"column":46}},"5":{"start":{"line":22,"column":25},"end":{"line":23,"column":null}},"6":{"start":{"line":26,"column":4},"end":{"line":28,"column":null}},"7":{"start":{"line":27,"column":6},"end":{"line":27,"column":46}},"8":{"start":{"line":30,"column":30},"end":{"line":31,"column":null}},"9":{"start":{"line":34,"column":4},"end":{"line":36,"column":null}},"10":{"start":{"line":35,"column":6},"end":{"line":35,"column":46}},"11":{"start":{"line":38,"column":27},"end":{"line":38,"column":72}},"12":{"start":{"line":40,"column":23},"end":{"line":43,"column":6}},"13":{"start":{"line":45,"column":4},"end":{"line":48,"column":7}},"14":{"start":{"line":50,"column":4},"end":{"line":50,"column":22}},"15":{"start":{"line":12,"column":0},"end":{"line":12,"column":13}}},"fnMap":{"0":{"name":"(anonymous_0)","decl":{"start":{"line":13,"column":2},"end":{"line":13,"column":null}},"loc":{"start":{"line":18,"column":46},"end":{"line":19,"column":6}}},"1":{"name":"(anonymous_1)","decl":{"start":{"line":21,"column":9},"end":{"line":21,"column":14}},"loc":{"start":{"line":21,"column":40},"end":{"line":51,"column":3}}}},"branchMap":{"0":{"loc":{"start":{"line":26,"column":4},"end":{"line":28,"column":null}},"type":"if","locations":[{"start":{"line":26,"column":4},"end":{"line":28,"column":null}},{"start":{"line":26,"column":4},"end":{"line":28,"column":null}}]},"1":{"loc":{"start":{"line":34,"column":4},"end":{"line":36,"column":null}},"type":"if","locations":[{"start":{"line":34,"column":4},"end":{"line":36,"column":null}},{"start":{"line":34,"column":4},"end":{"line":36,"column":null}}]}},"s":{"0":5,"1":5,"2":5,"3":5,"4":5,"5":5,"6":5,"7":1,"8":4,"9":4,"10":1,"11":3,"12":3,"13":3,"14":3,"15":1},"f":{"0":5,"1":5},"b":{"0":[1,4],"1":[1,3]}}
}
